[debug] [2024-04-14T17:26:03.820Z] ----------------------------------------------------------------------
[debug] [2024-04-14T17:26:03.827Z] Command:       C:\Program Files\nodejs\node.exe C:\Users\Admin\AppData\Roaming\npm\node_modules\firebase-tools\lib\bin\firebase.js init
[debug] [2024-04-14T17:26:03.828Z] CLI Version:   13.7.2
[debug] [2024-04-14T17:26:03.829Z] Platform:      win32
[debug] [2024-04-14T17:26:03.829Z] Node Version:  v20.9.0
[debug] [2024-04-14T17:26:03.829Z] Time:          Sun Apr 14 2024 22:56:03 GMT+0530 (India Standard Time)
[debug] [2024-04-14T17:26:03.830Z] ----------------------------------------------------------------------
[debug] 
[debug] [2024-04-14T17:26:03.842Z] > command requires scopes: ["email","openid","https://www.googleapis.com/auth/cloudplatformprojects.readonly","https://www.googleapis.com/auth/firebase","https://www.googleapis.com/auth/cloud-platform"]
[debug] [2024-04-14T17:26:03.843Z] > authorizing via signed-in user (manapurepranav@gmail.com)
[info] 
     ######## #### ########  ######## ########     ###     ######  ########
     ##        ##  ##     ## ##       ##     ##  ##   ##  ##       ##
     ######    ##  ########  ######   ########  #########  ######  ######
     ##        ##  ##    ##  ##       ##     ## ##     ##       ## ##
     ##       #### ##     ## ######## ########  ##     ##  ######  ########

You're about to initialize a Firebase project in this directory:

  C:\Users\Admin\Desktop\CCProject\Attandance

[info] 
=== Project Setup
[info] 
[info] First, let's associate this project directory with a Firebase project.
[info] You can create multiple project aliases by running firebase use --add, 
[info] but for now we'll just set up a default project.
[info] 
[debug] [2024-04-14T17:26:34.884Z] >>> [apiv2][query] GET https://firebase.googleapis.com/v1beta1/projects pageSize=100
[debug] [2024-04-14T17:26:35.826Z] <<< [apiv2][status] GET https://firebase.googleapis.com/v1beta1/projects 200
[debug] [2024-04-14T17:26:35.827Z] <<< [apiv2][body] GET https://firebase.googleapis.com/v1beta1/projects [omitted]
[info] i  Using project attendancemanagementcc (AttendanceManagementSystemCC) 
[info] 
=== Hosting Setup
[debug] [2024-04-14T17:27:18.824Z] >>> [apiv2][query] GET https://firebase.googleapis.com/v1beta1/projects/attendancemanagementcc [none]
[debug] [2024-04-14T17:27:19.279Z] <<< [apiv2][status] GET https://firebase.googleapis.com/v1beta1/projects/attendancemanagementcc 200
[debug] [2024-04-14T17:27:19.281Z] <<< [apiv2][body] GET https://firebase.googleapis.com/v1beta1/projects/attendancemanagementcc {"projectId":"attendancemanagementcc","projectNumber":"601583908168","displayName":"AttendanceManagementSystemCC","name":"projects/attendancemanagementcc","resources":{"hostingSite":"attendancemanagementcc","realtimeDatabaseInstance":"attendancemanagementcc-default-rtdb","storageBucket":"attendancemanagementcc.appspot.com","locationId":"us-central"},"state":"ACTIVE","etag":"1_f539ab6d-a73e-453c-930b-6e0fd0cdc6cc"}
[info] 
[info] Your public directory is the folder (relative to your project directory) that
[info] will contain Hosting assets to be uploaded with firebase deploy. If you
[info] have a build process for your assets, use your build's output directory.
[info] 
